[INFO] Scanning for projects...
[INFO] 
[INFO] -----------------------< com.findmymeds:backend >-----------------------
[INFO] Building FindMyMeds Backend 0.0.1-SNAPSHOT
[INFO]   from pom.xml
[INFO] --------------------------------[ jar ]---------------------------------
[INFO] 
[INFO] --- resources:3.3.1:resources (default-resources) @ backend ---
[INFO] Copying 1 resource from src\main\resources to target\classes
[INFO] Copying 0 resource from src\main\resources to target\classes
[INFO] 
[INFO] --- compiler:3.11.0:compile (default-compile) @ backend ---
[INFO] Changes detected - recompiling the module! :source
[INFO] Compiling 95 source files with javac [debug release 21] to target\classes
[INFO] /C:/Users/EX BOOK/Desktop/FindMyMeds/backend/src/main/java/com/findmymeds/backend/model/GlobalExceptionHandler.java: C:\Users\EX BOOK\Desktop\FindMyMeds\backend\src\main\java\com\findmymeds\backend\model\GlobalExceptionHandler.java uses unchecked or unsafe operations.
[INFO] /C:/Users/EX BOOK/Desktop/FindMyMeds/backend/src/main/java/com/findmymeds/backend/model/GlobalExceptionHandler.java: Recompile with -Xlint:unchecked for details.
[INFO] -------------------------------------------------------------
[ERROR] COMPILATION ERROR : 
[INFO] -------------------------------------------------------------
[ERROR] /C:/Users/EX BOOK/Desktop/FindMyMeds/backend/src/main/java/com/findmymeds/backend/controller/ProfileController.java:[23,17] cannot find symbol
  symbol:   method or(()->adminS[...]rst())
  location: class com.findmymeds.backend.model.AdminResponse
[INFO] 1 error
[INFO] -------------------------------------------------------------
[INFO] ------------------------------------------------------------------------
[INFO] BUILD FAILURE
[INFO] ------------------------------------------------------------------------
[INFO] Total time:  4.587 s
[INFO] Finished at: 2026-01-25T12:43:52+05:30
[INFO] ------------------------------------------------------------------------
[ERROR] Failed to execute goal org.apache.maven.plugins:maven-compiler-plugin:3.11.0:compile (default-compile) on project backend: Compilation failure
[ERROR] /C:/Users/EX BOOK/Desktop/FindMyMeds/backend/src/main/java/com/findmymeds/backend/controller/ProfileController.java:[23,17] cannot find symbol
[ERROR]   symbol:   method or(()->adminS[...]rst())
[ERROR]   location: class com.findmymeds.backend.model.AdminResponse
[ERROR] 
[ERROR] -> [Help 1]
[ERROR] 
[ERROR] To see the full stack trace of the errors, re-run Maven with the -e switch.
[ERROR] Re-run Maven using the -X switch to enable full debug logging.
[ERROR] 
[ERROR] For more information about the errors and possible solutions, please read the following articles:
[ERROR] [Help 1] http://cwiki.apache.org/confluence/display/MAVEN/MojoFailureException
